<?xml version="1.0" encoding="UTF-8"?>
<!-- Generated by org.testng.reporters.JUnitReportReporter -->
<testsuite hostname="brainmachine.local" name="com.google.refine.com.zemanta.util.DBpediaDataExtensionJobTest1" tests="1" failures="0" timestamp="9 Feb 2012 17:36:12 GMT" time="0.011" errors="0">
  <testcase name="doSparqlRead" time="0.011" classname="com.google.refine.com.zemanta.util.DBpediaDataExtensionJobTest1"/>
</testsuite> <!-- com.google.refine.com.zemanta.util.DBpediaDataExtensionJobTest1 -->
